0.jpg 1 8 7 29 29
1.jpg 1 11 9 14 14
2.jpg 1 3 1 23 23
3.jpg 1 1 6 21 21
4.jpg 1 34 15 14 14
5.jpg 1 17 3 23 23
6.jpg 1 8 9 21 21
7.jpg 1 17 12 17 17
8.jpg 1 9 25 16 16
9.jpg 1 12 14 29 29
10.jpg 1 20 8 26 26
11.jpg 1 10 4 28 28
12.jpg 1 9 24 12 12
13.jpg 1 14 32 10 10
14.jpg 1 7 28 14 14
15.jpg 1 27 17 12 12
16.jpg 1 8 22 12 12
17.jpg 1 19 16 23 23
18.jpg 1 6 16 22 22
19.jpg 1 18 16 26 26
20.jpg 1 18 9 26 26
21.jpg 1 12 25 18 18
22.jpg 1 24 20 23 23
23.jpg 1 8 34 12 12
24.jpg 1 13 22 12 12
25.jpg 1 28 11 15 15
26.jpg 1 15 26 22 22
27.jpg 1 16 3 28 28
28.jpg 1 0 1 27 27
29.jpg 1 0 5 20 20
30.jpg 1 27 25 21 21
31.jpg 1 14 5 28 28
32.jpg 1 4 1 21 21
33.jpg 1 11 14 11 11
34.jpg 1 26 7 10 10
35.jpg 1 9 21 26 26
36.jpg 1 3 11 16 16
37.jpg 1 14 14 15 15
38.jpg 1 30 28 17 17
39.jpg 1 25 22 23 23
40.jpg 1 20 3 28 28
41.jpg 1 28 22 16 16
42.jpg 1 7 9 15 15
43.jpg 1 10 1 15 15
44.jpg 1 7 29 14 14
45.jpg 1 17 13 11 11
46.jpg 1 30 22 18 18
47.jpg 1 4 3 28 28
48.jpg 1 2 18 25 25
49.jpg 1 27 30 17 17
50.jpg 1 22 9 11 11
51.jpg 1 3 33 11 11
52.jpg 1 11 7 22 22
53.jpg 1 17 24 16 16
54.jpg 1 10 28 15 15
55.jpg 1 27 13 11 11
56.jpg 1 5 13 22 22
57.jpg 1 10 12 12 12
58.jpg 1 2 8 18 18
59.jpg 1 20 29 17 17
60.jpg 1 2 5 29 29
61.jpg 1 4 7 29 29
62.jpg 1 3 29 16 16
63.jpg 1 38 12 10 10
64.jpg 1 30 27 18 18
65.jpg 1 18 24 17 17
66.jpg 1 21 4 26 26
67.jpg 1 14 7 27 27
68.jpg 1 1 0 20 20
69.jpg 1 4 0 21 21
70.jpg 1 2 17 27 27
71.jpg 1 2 2 15 15
72.jpg 1 13 10 13 13
73.jpg 1 14 9 14 14
74.jpg 1 3 22 26 26
75.jpg 1 2 11 27 27
76.jpg 1 21 26 11 11
77.jpg 1 3 30 15 15
78.jpg 1 16 0 22 22
79.jpg 1 20 10 23 23
80.jpg 1 23 29 14 14
81.jpg 1 3 11 25 25
82.jpg 1 15 16 16 16
83.jpg 1 26 24 14 14
84.jpg 1 19 21 21 21
85.jpg 1 17 0 26 26
86.jpg 1 19 19 18 18
87.jpg 1 5 7 23 23
88.jpg 1 23 3 12 12
89.jpg 1 5 13 27 27
90.jpg 1 30 28 12 12
91.jpg 1 2 2 12 12
92.jpg 1 17 8 21 21
93.jpg 1 18 11 28 28
94.jpg 1 19 3 20 20
95.jpg 1 2 4 25 25
96.jpg 1 31 20 16 16
97.jpg 1 17 16 28 28
98.jpg 1 6 13 19 19
99.jpg 1 9 1 25 25
100.jpg 1 14 15 24 24
101.jpg 1 30 20 13 13
102.jpg 1 27 31 10 10
103.jpg 1 1 29 19 19
104.jpg 1 0 9 29 29
105.jpg 1 12 31 16 16
106.jpg 1 38 0 10 10
107.jpg 1 33 3 15 15
108.jpg 1 15 2 19 19
109.jpg 1 19 20 23 23
110.jpg 1 5 19 27 27
111.jpg 1 7 6 11 11
112.jpg 1 20 26 15 15
113.jpg 1 16 24 13 13
114.jpg 1 12 10 10 10
115.jpg 1 13 21 16 16
116.jpg 1 11 6 22 22
117.jpg 1 6 26 10 10
118.jpg 1 17 1 28 28
119.jpg 1 6 3 25 25
120.jpg 1 2 4 15 15
121.jpg 1 22 31 16 16
122.jpg 1 13 15 26 26
123.jpg 1 4 24 16 16
124.jpg 1 9 13 18 18
125.jpg 1 10 13 12 12
126.jpg 1 4 24 21 21
127.jpg 1 3 3 22 22
128.jpg 1 28 6 12 12
129.jpg 1 18 20 24 24
130.jpg 1 9 0 26 26
131.jpg 1 14 25 16 16
132.jpg 1 15 31 11 11
133.jpg 1 0 19 21 21
134.jpg 1 13 15 29 29
135.jpg 1 3 3 29 29
136.jpg 1 25 28 17 17
137.jpg 1 9 1 28 28
138.jpg 1 17 13 28 28
139.jpg 1 15 3 28 28
140.jpg 1 3 32 13 13
141.jpg 1 4 21 17 17
142.jpg 1 23 23 12 12
143.jpg 1 33 30 11 11
144.jpg 1 3 1 28 28
145.jpg 1 19 16 20 20
146.jpg 1 0 13 24 24
147.jpg 1 30 8 12 12
148.jpg 1 3 21 25 25
149.jpg 1 6 13 22 22
150.jpg 1 8 32 11 11
151.jpg 1 14 23 20 20
152.jpg 1 28 14 20 20
153.jpg 1 3 15 19 19
154.jpg 1 30 2 11 11
155.jpg 1 1 20 21 21
156.jpg 1 21 15 24 24
157.jpg 1 4 15 29 29
158.jpg 1 0 16 19 19
159.jpg 1 12 5 21 21
160.jpg 1 1 12 27 27
161.jpg 1 0 15 26 26
162.jpg 1 7 9 25 25
163.jpg 1 8 7 24 24
164.jpg 1 9 17 12 12
165.jpg 1 33 4 13 13
166.jpg 1 10 23 18 18
167.jpg 1 12 28 20 20
168.jpg 1 19 0 20 20
169.jpg 1 18 20 18 18
170.jpg 1 3 9 26 26
171.jpg 1 26 3 15 15
172.jpg 1 17 0 13 13
173.jpg 1 15 24 14 14
174.jpg 1 3 2 25 25
175.jpg 1 36 17 12 12
176.jpg 1 18 1 21 21
177.jpg 1 17 20 22 22
178.jpg 1 5 28 13 13
179.jpg 1 2 27 20 20
180.jpg 1 5 8 29 29
181.jpg 1 13 22 17 17
182.jpg 1 9 2 16 16
183.jpg 1 9 9 13 13
184.jpg 1 11 13 29 29
185.jpg 1 3 23 17 17
186.jpg 1 30 10 16 16
187.jpg 1 15 37 11 11
188.jpg 1 29 17 12 12
189.jpg 1 20 31 15 15
190.jpg 1 2 7 27 27
191.jpg 1 5 3 15 15
192.jpg 1 8 13 27 27
193.jpg 1 3 9 15 15
194.jpg 1 2 13 19 19
195.jpg 1 18 13 16 16
196.jpg 1 30 10 16 16
197.jpg 1 1 1 23 23
198.jpg 1 14 21 27 27
199.jpg 1 6 5 27 27
200.jpg 1 29 29 10 10
201.jpg 1 16 31 12 12
202.jpg 1 14 13 22 22
203.jpg 1 13 31 14 14
204.jpg 1 2 15 28 28
205.jpg 1 21 22 12 12
206.jpg 1 6 17 17 17
207.jpg 1 10 24 20 20
208.jpg 1 18 10 26 26
209.jpg 1 1 33 12 12
210.jpg 1 11 0 11 11
211.jpg 1 18 0 17 17
212.jpg 1 30 30 10 10
213.jpg 1 18 29 13 13
214.jpg 1 7 4 22 22
215.jpg 1 35 0 12 12
216.jpg 1 7 2 10 10
217.jpg 1 21 3 17 17
218.jpg 1 31 16 10 10
219.jpg 1 34 18 13 13
220.jpg 1 20 28 15 15
221.jpg 1 13 0 23 23
222.jpg 1 11 17 21 21
223.jpg 1 23 31 10 10
224.jpg 1 29 28 14 14
225.jpg 1 6 7 26 26
226.jpg 1 5 4 21 21
227.jpg 1 3 7 26 26
228.jpg 1 2 4 25 25
229.jpg 1 28 5 10 10
230.jpg 1 13 9 28 28
231.jpg 1 16 17 19 19
232.jpg 1 9 21 18 18
233.jpg 1 4 24 14 14
234.jpg 1 25 25 20 20
235.jpg 1 18 15 18 18
236.jpg 1 0 14 29 29
237.jpg 1 6 3 12 12
238.jpg 1 20 35 12 12
239.jpg 1 9 19 18 18
240.jpg 1 4 29 14 14
241.jpg 1 10 4 20 20
242.jpg 1 4 21 23 23
243.jpg 1 0 0 22 22
244.jpg 1 18 14 25 25
245.jpg 1 17 5 26 26
246.jpg 1 32 28 16 16
247.jpg 1 13 0 29 29
248.jpg 1 1 18 29 29
249.jpg 1 3 11 27 27
250.jpg 1 11 17 26 26
251.jpg 1 2 15 15 15
252.jpg 1 17 27 21 21
253.jpg 1 12 1 29 29
254.jpg 1 14 16 22 22
255.jpg 1 4 19 25 25
256.jpg 1 15 15 21 21
257.jpg 1 29 10 19 19
258.jpg 1 1 28 19 19
259.jpg 1 15 21 10 10
260.jpg 1 25 23 15 15
261.jpg 1 12 26 16 16
262.jpg 1 18 5 24 24
263.jpg 1 12 9 12 12
264.jpg 1 22 27 12 12
265.jpg 1 9 14 17 17
266.jpg 1 24 1 10 10
267.jpg 1 12 33 13 13
268.jpg 1 7 3 24 24
269.jpg 1 15 10 13 13
270.jpg 1 32 24 16 16
271.jpg 1 5 28 15 15
272.jpg 1 15 14 15 15
273.jpg 1 0 21 15 15
274.jpg 1 15 8 22 22
275.jpg 1 30 10 18 18
276.jpg 1 31 10 16 16
277.jpg 1 20 14 23 23
278.jpg 1 12 3 29 29
279.jpg 1 9 9 13 13
280.jpg 1 5 27 11 11
281.jpg 1 33 6 10 10
282.jpg 1 2 0 20 20
283.jpg 1 20 1 25 25
284.jpg 1 4 3 28 28
285.jpg 1 2 0 19 19
286.jpg 1 20 11 10 10
287.jpg 1 11 7 21 21
288.jpg 1 6 2 20 20
289.jpg 1 36 35 12 12
290.jpg 1 11 14 29 29
291.jpg 1 1 4 20 20
292.jpg 1 4 25 20 20
293.jpg 1 5 3 26 26
294.jpg 1 0 20 17 17
295.jpg 1 16 32 13 13
296.jpg 1 3 5 27 27
297.jpg 1 26 18 16 16
298.jpg 1 17 12 28 28
299.jpg 1 9 0 23 23
300.jpg 1 4 36 11 11
301.jpg 1 15 8 13 13
302.jpg 1 7 21 15 15
303.jpg 1 28 12 15 15
304.jpg 1 8 3 24 24
305.jpg 1 9 16 29 29
306.jpg 1 29 4 16 16
307.jpg 1 24 6 19 19
308.jpg 1 0 3 18 18
309.jpg 1 3 13 26 26
310.jpg 1 10 13 22 22
311.jpg 1 18 26 11 11
312.jpg 1 6 20 10 10
313.jpg 1 3 28 10 10
314.jpg 1 1 25 15 15
315.jpg 1 15 1 28 28
316.jpg 1 9 3 29 29
317.jpg 1 19 19 20 20
318.jpg 1 25 32 12 12
319.jpg 1 22 0 14 14
320.jpg 1 19 1 26 26
321.jpg 1 24 23 12 12
322.jpg 1 20 37 11 11
323.jpg 1 18 21 22 22
324.jpg 1 17 6 24 24
325.jpg 1 4 9 28 28
326.jpg 1 13 30 17 17
327.jpg 1 18 19 17 17
328.jpg 1 10 6 27 27
329.jpg 1 15 7 15 15
330.jpg 1 13 18 17 17
331.jpg 1 1 11 17 17
332.jpg 1 22 28 17 17
333.jpg 1 16 15 23 23
334.jpg 1 9 33 12 12
335.jpg 1 33 14 13 13
336.jpg 1 12 4 26 26
337.jpg 1 19 19 24 24
338.jpg 1 19 9 21 21
339.jpg 1 13 13 19 19
340.jpg 1 13 1 24 24
341.jpg 1 2 22 25 25
342.jpg 1 3 12 19 19
343.jpg 1 10 13 28 28
344.jpg 1 18 15 18 18
345.jpg 1 7 8 20 20
346.jpg 1 20 23 23 23
347.jpg 1 0 19 28 28
348.jpg 1 1 18 27 27
349.jpg 1 10 18 27 27
350.jpg 1 5 19 17 17
351.jpg 1 0 12 21 21
352.jpg 1 24 14 12 12
353.jpg 1 13 12 15 15
354.jpg 1 5 31 10 10
355.jpg 1 11 0 16 16
356.jpg 1 23 11 19 19
357.jpg 1 16 20 24 24
358.jpg 1 2 5 19 19
359.jpg 1 11 18 28 28
360.jpg 1 2 33 13 13
361.jpg 1 9 6 27 27
362.jpg 1 0 2 29 29
363.jpg 1 31 8 14 14
364.jpg 1 10 12 28 28
365.jpg 1 19 28 19 19
366.jpg 1 5 8 11 11
367.jpg 1 28 1 12 12
368.jpg 1 2 15 25 25
369.jpg 1 15 16 21 21
370.jpg 1 18 9 21 21
371.jpg 1 25 26 19 19
372.jpg 1 4 1 17 17
373.jpg 1 3 0 24 24
374.jpg 1 20 26 20 20
375.jpg 1 15 24 10 10
376.jpg 1 14 12 16 16
377.jpg 1 15 14 17 17
378.jpg 1 1 19 13 13
379.jpg 1 23 30 18 18
380.jpg 1 6 13 25 25
381.jpg 1 17 9 17 17
382.jpg 1 11 18 21 21
383.jpg 1 22 15 25 25
384.jpg 1 7 16 18 18
385.jpg 1 4 12 27 27
386.jpg 1 27 2 13 13
387.jpg 1 8 5 27 27
388.jpg 1 22 9 20 20
389.jpg 1 7 8 26 26
390.jpg 1 34 24 12 12
391.jpg 1 23 31 10 10
392.jpg 1 23 0 25 25
393.jpg 1 19 30 17 17
394.jpg 1 24 5 14 14
395.jpg 1 10 26 12 12
396.jpg 1 15 32 10 10
397.jpg 1 5 10 22 22
398.jpg 1 16 12 18 18
399.jpg 1 8 15 29 29
400.jpg 1 13 16 26 26
401.jpg 1 19 6 26 26
402.jpg 1 8 16 27 27
403.jpg 1 6 27 17 17
404.jpg 1 21 6 25 25
405.jpg 1 31 13 16 16
406.jpg 1 7 18 26 26
407.jpg 1 1 5 15 15
408.jpg 1 10 15 20 20
409.jpg 1 31 6 16 16
410.jpg 1 24 18 24 24
411.jpg 1 20 6 27 27
412.jpg 1 13 28 18 18
413.jpg 1 22 33 13 13
414.jpg 1 20 1 25 25
415.jpg 1 1 5 20 20
416.jpg 1 4 34 11 11
417.jpg 1 13 16 29 29
418.jpg 1 31 0 16 16
419.jpg 1 21 7 24 24
420.jpg 1 8 14 15 15
421.jpg 1 16 21 20 20
422.jpg 1 7 14 29 29
423.jpg 1 4 5 27 27
424.jpg 1 8 0 27 27
425.jpg 1 21 14 21 21
426.jpg 1 12 5 25 25
427.jpg 1 17 14 23 23
428.jpg 1 4 17 11 11
429.jpg 1 30 26 15 15
430.jpg 1 5 26 12 12
431.jpg 1 32 22 12 12
432.jpg 1 15 3 29 29
433.jpg 1 21 9 13 13
434.jpg 1 31 5 15 15
435.jpg 1 28 26 16 16
436.jpg 1 16 18 10 10
437.jpg 1 23 4 24 24
438.jpg 1 17 8 18 18
439.jpg 1 24 9 14 14
440.jpg 1 11 22 20 20
441.jpg 1 2 3 16 16
442.jpg 1 5 32 16 16
443.jpg 1 11 22 21 21
444.jpg 1 22 11 25 25
445.jpg 1 24 9 10 10
446.jpg 1 26 26 20 20
447.jpg 1 19 24 11 11
448.jpg 1 7 0 25 25
449.jpg 1 35 29 11 11
450.jpg 1 20 17 24 24
451.jpg 1 37 25 11 11
452.jpg 1 30 29 15 15
453.jpg 1 29 17 18 18
454.jpg 1 12 34 10 10
455.jpg 1 3 12 24 24
456.jpg 1 18 28 18 18
457.jpg 1 3 13 27 27
458.jpg 1 21 12 14 14
459.jpg 1 18 22 18 18
460.jpg 1 31 31 13 13
461.jpg 1 4 6 28 28
462.jpg 1 8 7 22 22
463.jpg 1 9 8 15 15
464.jpg 1 27 29 17 17
465.jpg 1 22 14 18 18
466.jpg 1 8 18 22 22
467.jpg 1 19 24 15 15
468.jpg 1 11 8 26 26
469.jpg 1 0 17 19 19
470.jpg 1 21 6 14 14
471.jpg 1 16 20 25 25
472.jpg 1 3 31 13 13
473.jpg 1 2 9 26 26
474.jpg 1 30 19 13 13
475.jpg 1 1 23 20 20
476.jpg 1 2 11 28 28
477.jpg 1 16 31 17 17
478.jpg 1 18 28 12 12
479.jpg 1 32 19 16 16
480.jpg 1 6 9 25 25
481.jpg 1 25 25 16 16
482.jpg 1 6 19 17 17
483.jpg 1 7 36 11 11
484.jpg 1 12 22 20 20
485.jpg 1 30 4 11 11
486.jpg 1 2 3 15 15
487.jpg 1 24 34 11 11
488.jpg 1 7 23 21 21
489.jpg 1 8 2 19 19
490.jpg 1 1 21 20 20
491.jpg 1 20 37 11 11
492.jpg 1 18 22 21 21
493.jpg 1 17 0 19 19
494.jpg 1 27 12 19 19
495.jpg 1 11 9 22 22
496.jpg 1 26 30 10 10
497.jpg 1 8 12 13 13
498.jpg 1 7 25 20 20
499.jpg 1 21 19 23 23
500.jpg 1 0 14 22 22
501.jpg 1 25 24 20 20
502.jpg 1 13 7 29 29
503.jpg 1 18 23 10 10
504.jpg 1 21 32 14 14
505.jpg 1 0 3 14 14
506.jpg 1 16 7 22 22
507.jpg 1 4 7 27 27
508.jpg 1 1 15 27 27
509.jpg 1 26 4 12 12
510.jpg 1 16 3 25 25
511.jpg 1 6 18 11 11
512.jpg 1 28 22 14 14
513.jpg 1 16 6 28 28
514.jpg 1 12 14 22 22
515.jpg 1 14 2 24 24
516.jpg 1 9 12 28 28
517.jpg 1 5 14 23 23
518.jpg 1 14 23 14 14
519.jpg 1 3 17 21 21
520.jpg 1 9 8 17 17
521.jpg 1 16 19 21 21
522.jpg 1 18 21 23 23
523.jpg 1 15 8 28 28
524.jpg 1 12 26 17 17
525.jpg 1 28 5 20 20
526.jpg 1 21 36 11 11
527.jpg 1 15 23 17 17
528.jpg 1 6 13 16 16
529.jpg 1 13 6 20 20
530.jpg 1 14 22 12 12
531.jpg 1 18 22 14 14
532.jpg 1 0 26 22 22
533.jpg 1 23 12 14 14
534.jpg 1 28 1 11 11
535.jpg 1 20 5 20 20
536.jpg 1 2 9 21 21
537.jpg 1 25 25 21 21
538.jpg 1 14 19 13 13
539.jpg 1 5 3 14 14
540.jpg 1 15 18 29 29
541.jpg 1 5 9 29 29
542.jpg 1 17 22 13 13
543.jpg 1 17 16 29 29
544.jpg 1 11 0 21 21
545.jpg 1 15 24 23 23
546.jpg 1 18 20 20 20
547.jpg 1 22 9 23 23
548.jpg 1 24 21 23 23
549.jpg 1 32 10 12 12
550.jpg 1 3 13 23 23
551.jpg 1 11 13 22 22
552.jpg 1 21 20 16 16
553.jpg 1 17 21 20 20
554.jpg 1 2 14 11 11
555.jpg 1 6 23 19 19
556.jpg 1 16 13 20 20
557.jpg 1 26 19 13 13
558.jpg 1 4 3 14 14
559.jpg 1 4 24 18 18
560.jpg 1 7 6 25 25
561.jpg 1 15 2 28 28
562.jpg 1 7 6 26 26
563.jpg 1 14 19 14 14
564.jpg 1 24 3 17 17
565.jpg 1 18 19 18 18
566.jpg 1 12 10 19 19
567.jpg 1 2 11 27 27
568.jpg 1 21 26 16 16
569.jpg 1 7 6 18 18
570.jpg 1 19 8 26 26
571.jpg 1 6 20 28 28
572.jpg 1 5 11 27 27
573.jpg 1 15 23 11 11
574.jpg 1 17 11 26 26
575.jpg 1 3 6 23 23
576.jpg 1 8 10 28 28
577.jpg 1 22 8 18 18
578.jpg 1 32 24 13 13
579.jpg 1 19 19 15 15
580.jpg 1 10 1 24 24
581.jpg 1 25 23 23 23
582.jpg 1 28 0 17 17
583.jpg 1 1 4 20 20
584.jpg 1 21 4 24 24
585.jpg 1 13 13 17 17
586.jpg 1 11 16 13 13
587.jpg 1 3 13 22 22
588.jpg 1 21 35 10 10
589.jpg 1 6 2 23 23
590.jpg 1 16 20 28 28
591.jpg 1 15 20 18 18
592.jpg 1 7 24 19 19
593.jpg 1 2 8 15 15
594.jpg 1 19 22 14 14
595.jpg 1 25 23 23 23
596.jpg 1 1 26 21 21
597.jpg 1 3 18 25 25
598.jpg 1 12 32 16 16
599.jpg 1 19 1 28 28
600.jpg 1 17 19 21 21
601.jpg 1 13 3 21 21
602.jpg 1 2 9 21 21
603.jpg 1 29 22 15 15
604.jpg 1 29 31 10 10
605.jpg 1 1 23 19 19
606.jpg 1 20 1 26 26
607.jpg 1 22 12 17 17
608.jpg 1 21 14 20 20
609.jpg 1 25 31 10 10
610.jpg 1 3 19 16 16
611.jpg 1 22 23 17 17
612.jpg 1 15 17 19 19
613.jpg 1 4 0 22 22
614.jpg 1 28 2 18 18
615.jpg 1 0 28 19 19
616.jpg 1 7 24 22 22
617.jpg 1 14 17 29 29
618.jpg 1 1 21 21 21
619.jpg 1 7 3 24 24
620.jpg 1 13 26 12 12
621.jpg 1 9 15 28 28
622.jpg 1 31 2 15 15
623.jpg 1 14 16 11 11
624.jpg 1 31 24 14 14
625.jpg 1 5 8 13 13
626.jpg 1 19 9 28 28
627.jpg 1 5 6 25 25
628.jpg 1 24 17 17 17
629.jpg 1 8 31 16 16
630.jpg 1 2 21 17 17
631.jpg 1 9 0 20 20
632.jpg 1 7 25 21 21
633.jpg 1 3 30 12 12
634.jpg 1 10 8 28 28
635.jpg 1 4 10 18 18
636.jpg 1 2 18 18 18
637.jpg 1 19 2 26 26
638.jpg 1 24 17 24 24
639.jpg 1 2 17 29 29
640.jpg 1 5 13 29 29
641.jpg 1 12 14 29 29
642.jpg 1 25 26 14 14
643.jpg 1 25 7 21 21
644.jpg 1 0 24 17 17
645.jpg 1 25 14 22 22
646.jpg 1 2 13 27 27
647.jpg 1 34 22 14 14
648.jpg 1 25 24 10 10
649.jpg 1 18 15 18 18
650.jpg 1 15 11 23 23
651.jpg 1 26 1 14 14
652.jpg 1 24 29 11 11
653.jpg 1 7 0 14 14
654.jpg 1 28 19 17 17
655.jpg 1 14 13 16 16
656.jpg 1 16 22 11 11
657.jpg 1 8 1 26 26
658.jpg 1 16 8 14 14
659.jpg 1 0 9 26 26
660.jpg 1 1 2 29 29
661.jpg 1 0 4 27 27
662.jpg 1 1 13 21 21
663.jpg 1 3 4 26 26
664.jpg 1 15 2 18 18
665.jpg 1 15 14 21 21
666.jpg 1 7 30 14 14
667.jpg 1 1 3 29 29
668.jpg 1 18 32 14 14
669.jpg 1 2 9 24 24
670.jpg 1 16 19 10 10
671.jpg 1 21 1 21 21
672.jpg 1 19 11 24 24
673.jpg 1 18 12 17 17
674.jpg 1 30 11 12 12
675.jpg 1 5 26 16 16
676.jpg 1 12 29 17 17
677.jpg 1 19 26 12 12
678.jpg 1 26 2 15 15
679.jpg 1 18 4 14 14
680.jpg 1 2 13 10 10
681.jpg 1 17 30 17 17
682.jpg 1 31 17 15 15
683.jpg 1 4 18 27 27
684.jpg 1 13 15 13 13
685.jpg 1 14 17 18 18
686.jpg 1 27 30 15 15
687.jpg 1 10 21 27 27
688.jpg 1 28 16 18 18
689.jpg 1 17 20 26 26
690.jpg 1 30 25 17 17
691.jpg 1 0 9 25 25
692.jpg 1 27 15 12 12
693.jpg 1 7 5 15 15
694.jpg 1 7 8 29 29
695.jpg 1 4 3 24 24
696.jpg 1 25 3 23 23
697.jpg 1 6 7 21 21
698.jpg 1 2 6 26 26
699.jpg 1 11 21 24 24
700.jpg 1 7 18 16 16
701.jpg 1 1 7 28 28
702.jpg 1 4 2 29 29
703.jpg 1 15 19 21 21
704.jpg 1 21 19 23 23
705.jpg 1 21 13 25 25
706.jpg 1 10 4 25 25
707.jpg 1 18 3 13 13
708.jpg 1 7 11 29 29
709.jpg 1 12 17 18 18
710.jpg 1 22 14 25 25
711.jpg 1 8 20 25 25
712.jpg 1 24 37 10 10
713.jpg 1 12 13 11 11
714.jpg 1 15 5 21 21
715.jpg 1 29 21 14 14
716.jpg 1 1 22 13 13
717.jpg 1 20 5 27 27
718.jpg 1 3 10 21 21
719.jpg 1 35 26 13 13
720.jpg 1 10 17 24 24
721.jpg 1 12 20 24 24
722.jpg 1 1 0 23 23
723.jpg 1 15 10 28 28
724.jpg 1 19 20 14 14
725.jpg 1 10 6 16 16
726.jpg 1 34 29 13 13
727.jpg 1 15 14 27 27
728.jpg 1 21 18 15 15
729.jpg 1 0 14 28 28
730.jpg 1 28 14 19 19
731.jpg 1 9 13 29 29
732.jpg 1 13 11 28 28
733.jpg 1 29 8 13 13
734.jpg 1 26 8 22 22
735.jpg 1 5 6 21 21
736.jpg 1 1 9 29 29
737.jpg 1 2 21 17 17
738.jpg 1 15 1 29 29
739.jpg 1 24 11 16 16
740.jpg 1 6 6 26 26
741.jpg 1 1 18 21 21
742.jpg 1 5 9 24 24
743.jpg 1 21 3 12 12
744.jpg 1 12 17 19 19
745.jpg 1 2 27 21 21
746.jpg 1 5 9 18 18
747.jpg 1 34 7 10 10
748.jpg 1 22 3 13 13
749.jpg 1 4 4 21 21
750.jpg 1 21 2 20 20
751.jpg 1 2 21 16 16
752.jpg 1 21 10 12 12
753.jpg 1 14 31 17 17
754.jpg 1 25 16 11 11
755.jpg 1 1 0 21 21
756.jpg 1 9 9 18 18
757.jpg 1 15 38 10 10
758.jpg 1 22 2 16 16
759.jpg 1 14 7 28 28
760.jpg 1 25 22 20 20
761.jpg 1 8 18 16 16
762.jpg 1 3 14 24 24
763.jpg 1 1 19 16 16
764.jpg 1 15 18 23 23
765.jpg 1 22 29 19 19
766.jpg 1 0 9 28 28
767.jpg 1 5 26 14 14
768.jpg 1 2 2 12 12
769.jpg 1 18 30 15 15
770.jpg 1 13 10 22 22
771.jpg 1 18 7 22 22
772.jpg 1 3 19 24 24
773.jpg 1 22 12 14 14
774.jpg 1 4 12 22 22
775.jpg 1 12 9 22 22
776.jpg 1 16 17 11 11
777.jpg 1 14 14 26 26
778.jpg 1 4 11 26 26
779.jpg 1 30 17 16 16
780.jpg 1 3 16 28 28
781.jpg 1 9 0 24 24
782.jpg 1 27 21 14 14
783.jpg 1 4 12 11 11
784.jpg 1 29 6 11 11
785.jpg 1 15 20 18 18
786.jpg 1 9 18 28 28
787.jpg 1 5 4 10 10
788.jpg 1 3 11 13 13
789.jpg 1 7 3 27 27
790.jpg 1 21 20 24 24
791.jpg 1 5 15 22 22
792.jpg 1 10 22 14 14
793.jpg 1 10 11 24 24
794.jpg 1 4 23 20 20
795.jpg 1 25 32 16 16
796.jpg 1 15 9 26 26
797.jpg 1 31 16 10 10
798.jpg 1 21 22 25 25
799.jpg 1 17 4 10 10
800.jpg 1 8 4 19 19
801.jpg 1 3 21 13 13
802.jpg 1 29 23 19 19
803.jpg 1 3 5 25 25
804.jpg 1 30 16 17 17
805.jpg 1 16 27 19 19
806.jpg 1 33 38 10 10
807.jpg 1 0 31 10 10
808.jpg 1 8 26 12 12
809.jpg 1 25 14 23 23
810.jpg 1 21 31 12 12
811.jpg 1 15 23 23 23
812.jpg 1 14 4 25 25
813.jpg 1 19 16 21 21
814.jpg 1 5 15 29 29
815.jpg 1 3 12 17 17
816.jpg 1 21 32 15 15
817.jpg 1 10 11 21 21
818.jpg 1 10 12 27 27
819.jpg 1 18 0 26 26
820.jpg 1 23 10 25 25
821.jpg 1 8 8 27 27
822.jpg 1 18 12 29 29
823.jpg 1 23 9 22 22
824.jpg 1 22 3 17 17
825.jpg 1 15 15 29 29
826.jpg 1 9 19 27 27
827.jpg 1 18 21 24 24
828.jpg 1 19 18 27 27
829.jpg 1 14 33 12 12
830.jpg 1 13 15 16 16
831.jpg 1 6 6 18 18
832.jpg 1 0 34 12 12
833.jpg 1 31 26 15 15
834.jpg 1 13 31 17 17
835.jpg 1 29 5 18 18
836.jpg 1 22 24 18 18
837.jpg 1 6 22 11 11
838.jpg 1 26 18 18 18
839.jpg 1 18 13 28 28
840.jpg 1 0 21 19 19
841.jpg 1 26 22 17 17
842.jpg 1 15 30 18 18
843.jpg 1 17 13 14 14
844.jpg 1 12 5 18 18
845.jpg 1 10 7 26 26
846.jpg 1 26 5 11 11
847.jpg 1 5 10 29 29
848.jpg 1 17 15 11 11
849.jpg 1 33 25 11 11
850.jpg 1 16 22 14 14
851.jpg 1 15 17 27 27
852.jpg 1 6 35 11 11
853.jpg 1 16 16 10 10
854.jpg 1 17 9 25 25
855.jpg 1 13 7 23 23
856.jpg 1 16 7 25 25
857.jpg 1 21 28 19 19
858.jpg 1 12 32 14 14
859.jpg 1 0 19 14 14
860.jpg 1 17 22 13 13
861.jpg 1 34 15 11 11
862.jpg 1 3 23 20 20
863.jpg 1 10 18 23 23
864.jpg 1 17 17 26 26
865.jpg 1 22 26 19 19
866.jpg 1 28 1 14 14
867.jpg 1 25 10 23 23
868.jpg 1 26 27 14 14
869.jpg 1 15 22 19 19
870.jpg 1 24 3 19 19
871.jpg 1 3 21 18 18
872.jpg 1 21 6 21 21
873.jpg 1 1 16 21 21
874.jpg 1 8 9 19 19
875.jpg 1 36 16 12 12
876.jpg 1 2 13 29 29
877.jpg 1 19 20 19 19
878.jpg 1 11 18 27 27
879.jpg 1 8 21 21 21
880.jpg 1 1 2 14 14
881.jpg 1 1 2 24 24
882.jpg 1 6 24 23 23
883.jpg 1 23 11 14 14
884.jpg 1 7 1 22 22
885.jpg 1 26 28 19 19
886.jpg 1 5 13 19 19
887.jpg 1 10 12 25 25
888.jpg 1 6 17 28 28
889.jpg 1 22 16 24 24
890.jpg 1 15 19 17 17
891.jpg 1 5 7 22 22
892.jpg 1 8 18 24 24
893.jpg 1 14 19 28 28
894.jpg 1 4 6 17 17
895.jpg 1 6 2 21 21
896.jpg 1 20 19 11 11
897.jpg 1 10 22 26 26
898.jpg 1 13 13 21 21
899.jpg 1 12 14 26 26
900.jpg 1 6 8 20 20
901.jpg 1 21 9 18 18
902.jpg 1 9 19 25 25
903.jpg 1 19 14 17 17
904.jpg 1 12 20 25 25
905.jpg 1 27 5 10 10
906.jpg 1 10 11 28 28
907.jpg 1 2 5 24 24
908.jpg 1 25 10 14 14
909.jpg 1 19 33 15 15
910.jpg 1 10 24 17 17
911.jpg 1 27 13 12 12
912.jpg 1 14 6 19 19
913.jpg 1 18 26 13 13
914.jpg 1 20 13 21 21
915.jpg 1 5 1 27 27
916.jpg 1 27 6 17 17
917.jpg 1 1 1 13 13
918.jpg 1 19 10 17 17
919.jpg 1 4 4 28 28
920.jpg 1 32 26 14 14
921.jpg 1 12 8 17 17
922.jpg 1 11 15 23 23
923.jpg 1 10 10 16 16
924.jpg 1 0 30 17 17
925.jpg 1 9 9 23 23
926.jpg 1 13 13 28 28
927.jpg 1 25 20 16 16
928.jpg 1 23 2 19 19
929.jpg 1 5 12 18 18
930.jpg 1 5 6 29 29
931.jpg 1 13 17 29 29
932.jpg 1 17 17 19 19
933.jpg 1 17 18 27 27
934.jpg 1 19 14 20 20
935.jpg 1 8 15 22 22
936.jpg 1 26 0 13 13
937.jpg 1 16 18 21 21
938.jpg 1 29 33 12 12
939.jpg 1 30 25 10 10
940.jpg 1 21 9 19 19
941.jpg 1 24 24 16 16
942.jpg 1 21 36 11 11
943.jpg 1 21 1 23 23
944.jpg 1 8 0 26 26
945.jpg 1 8 18 21 21
946.jpg 1 12 22 18 18
947.jpg 1 10 7 23 23
948.jpg 1 11 22 22 22
949.jpg 1 15 14 15 15
950.jpg 1 9 25 10 10
951.jpg 1 2 7 12 12
952.jpg 1 28 21 16 16
953.jpg 1 16 12 17 17
954.jpg 1 11 4 24 24
955.jpg 1 7 9 27 27
956.jpg 1 8 18 29 29
957.jpg 1 1 6 26 26
958.jpg 1 11 21 11 11
959.jpg 1 16 10 27 27
960.jpg 1 12 24 12 12
961.jpg 1 24 15 17 17
962.jpg 1 30 18 13 13
963.jpg 1 26 21 14 14
964.jpg 1 18 6 15 15
965.jpg 1 13 11 17 17
966.jpg 1 18 22 21 21
967.jpg 1 2 0 13 13
968.jpg 1 10 22 24 24
969.jpg 1 34 24 12 12
970.jpg 1 23 23 12 12
971.jpg 1 19 21 27 27
972.jpg 1 7 13 28 28
973.jpg 1 19 17 27 27
974.jpg 1 3 17 18 18
975.jpg 1 10 21 25 25
976.jpg 1 33 20 11 11
977.jpg 1 5 16 23 23
978.jpg 1 18 19 13 13
979.jpg 1 1 1 21 21
980.jpg 1 5 7 22 22
981.jpg 1 28 21 17 17
982.jpg 1 12 25 23 23
983.jpg 1 0 21 16 16
984.jpg 1 23 36 12 12
985.jpg 1 5 15 18 18
986.jpg 1 19 17 29 29
987.jpg 1 1 22 16 16
988.jpg 1 11 9 21 21
989.jpg 1 36 9 12 12
990.jpg 1 2 18 13 13
991.jpg 1 14 16 12 12
992.jpg 1 7 7 26 26
993.jpg 1 11 23 12 12
994.jpg 1 5 25 23 23
995.jpg 1 33 0 11 11
996.jpg 1 12 23 14 14
997.jpg 1 27 12 19 19
998.jpg 1 2 9 28 28
999.jpg 1 7 7 25 25
1000.jpg 1 2 6 21 21
1001.jpg 1 2 0 18 18
1002.jpg 1 15 13 14 14
1003.jpg 1 28 24 16 16
1004.jpg 1 1 7 26 26
1005.jpg 1 29 6 11 11
1006.jpg 1 21 9 22 22
1007.jpg 1 9 0 28 28
1008.jpg 1 5 6 25 25
1009.jpg 1 12 33 13 13
1010.jpg 1 18 19 24 24
1011.jpg 1 19 6 28 28
1012.jpg 1 17 22 26 26
1013.jpg 1 25 2 18 18
1014.jpg 1 22 8 18 18
1015.jpg 1 4 8 27 27
1016.jpg 1 5 2 12 12
1017.jpg 1 4 34 13 13
1018.jpg 1 7 19 28 28
1019.jpg 1 0 9 22 22
1020.jpg 1 4 37 11 11
1021.jpg 1 24 10 17 17
1022.jpg 1 0 7 28 28
1023.jpg 1 18 19 20 20
1024.jpg 1 10 16 19 19
1025.jpg 1 6 3 21 21
1026.jpg 1 14 8 24 24
1027.jpg 1 22 2 12 12
1028.jpg 1 26 17 10 10
1029.jpg 1 25 19 20 20
1030.jpg 1 35 0 12 12
1031.jpg 1 21 6 15 15
1032.jpg 1 2 22 24 24
1033.jpg 1 3 12 24 24
1034.jpg 1 9 37 11 11
1035.jpg 1 0 14 14 14
1036.jpg 1 8 5 27 27
1037.jpg 1 33 29 13 13
1038.jpg 1 29 13 19 19
1039.jpg 1 23 19 11 11
1040.jpg 1 15 7 18 18
1041.jpg 1 3 3 20 20
1042.jpg 1 30 37 11 11
1043.jpg 1 19 19 19 19
1044.jpg 1 11 34 14 14
1045.jpg 1 18 1 29 29
1046.jpg 1 16 26 20 20
1047.jpg 1 15 23 23 23
1048.jpg 1 12 12 28 28
1049.jpg 1 5 3 16 16
1050.jpg 1 6 24 24 24
1051.jpg 1 21 11 21 21
1052.jpg 1 2 2 23 23
1053.jpg 1 28 15 14 14
1054.jpg 1 0 8 23 23
1055.jpg 1 5 18 24 24
1056.jpg 1 22 28 20 20
1057.jpg 1 7 0 22 22
1058.jpg 1 13 6 19 19
1059.jpg 1 11 7 25 25
1060.jpg 1 25 15 16 16
1061.jpg 1 10 7 29 29
1062.jpg 1 20 13 14 14
1063.jpg 1 15 8 16 16
1064.jpg 1 2 8 10 10
1065.jpg 1 8 9 23 23
1066.jpg 1 18 18 29 29
1067.jpg 1 4 32 12 12
1068.jpg 1 27 5 12 12
1069.jpg 1 0 17 26 26
1070.jpg 1 11 9 15 15
1071.jpg 1 2 6 12 12
1072.jpg 1 2 7 22 22
1073.jpg 1 31 16 13 13
1074.jpg 1 17 19 16 16
1075.jpg 1 16 20 17 17
1076.jpg 1 28 25 13 13
1077.jpg 1 8 17 29 29
1078.jpg 1 9 34 12 12
1079.jpg 1 5 14 10 10
1080.jpg 1 19 8 25 25
1081.jpg 1 21 7 16 16
1082.jpg 1 7 9 17 17
1083.jpg 1 6 0 11 11
1084.jpg 1 6 12 29 29
1085.jpg 1 3 4 29 29
1086.jpg 1 2 18 14 14
1087.jpg 1 3 11 29 29
1088.jpg 1 23 25 17 17
1089.jpg 1 5 20 25 25
1090.jpg 1 27 5 16 16
1091.jpg 1 19 11 21 21
1092.jpg 1 4 19 13 13
1093.jpg 1 35 17 13 13
1094.jpg 1 4 7 25 25
1095.jpg 1 8 2 13 13
1096.jpg 1 4 25 21 21
1097.jpg 1 21 20 15 15
1098.jpg 1 26 19 19 19
1099.jpg 1 28 32 16 16
1100.jpg 1 1 20 23 23
1101.jpg 1 11 14 26 26
1102.jpg 1 25 28 12 12
1103.jpg 1 11 21 27 27
1104.jpg 1 10 17 29 29
1105.jpg 1 10 31 11 11
1106.jpg 1 2 3 17 17
1107.jpg 1 5 17 22 22
1108.jpg 1 12 16 25 25
1109.jpg 1 22 10 25 25
1110.jpg 1 31 31 14 14
1111.jpg 1 20 14 28 28
1112.jpg 1 9 14 14 14
1113.jpg 1 23 32 13 13
1114.jpg 1 21 4 11 11
1115.jpg 1 8 7 11 11
1116.jpg 1 23 35 11 11
1117.jpg 1 11 10 24 24
1118.jpg 1 1 35 11 11
1119.jpg 1 13 19 29 29
1120.jpg 1 9 0 29 29
1121.jpg 1 10 3 23 23
1122.jpg 1 14 11 28 28
1123.jpg 1 21 15 21 21
1124.jpg 1 2 6 15 15
1125.jpg 1 20 13 14 14
1126.jpg 1 16 6 26 26
1127.jpg 1 3 10 12 12
1128.jpg 1 10 9 24 24
1129.jpg 1 14 13 22 22
1130.jpg 1 9 10 23 23
1131.jpg 1 2 10 25 25
1132.jpg 1 10 5 24 24
1133.jpg 1 26 22 19 19
1134.jpg 1 34 6 11 11
1135.jpg 1 7 7 23 23
1136.jpg 1 16 16 14 14
1137.jpg 1 12 26 16 16
1138.jpg 1 8 7 27 27
1139.jpg 1 3 22 15 15
1140.jpg 1 12 25 13 13
1141.jpg 1 26 28 13 13
1142.jpg 1 3 31 16 16
1143.jpg 1 20 10 23 23
1144.jpg 1 17 14 23 23
1145.jpg 1 14 20 14 14
1146.jpg 1 31 11 17 17
1147.jpg 1 33 23 15 15
1148.jpg 1 20 26 22 22
1149.jpg 1 4 24 17 17
1150.jpg 1 27 6 14 14
1151.jpg 1 6 37 11 11
1152.jpg 1 16 8 26 26
1153.jpg 1 19 21 23 23
1154.jpg 1 6 11 29 29
1155.jpg 1 7 4 15 15
1156.jpg 1 2 3 28 28
1157.jpg 1 20 14 13 13
1158.jpg 1 19 11 22 22
1159.jpg 1 15 13 15 15
1160.jpg 1 19 14 16 16
1161.jpg 1 2 23 13 13
1162.jpg 1 9 0 23 23
1163.jpg 1 23 33 14 14
1164.jpg 1 4 17 23 23
1165.jpg 1 21 13 27 27
1166.jpg 1 4 1 27 27
1167.jpg 1 4 13 22 22
1168.jpg 1 13 26 20 20
1169.jpg 1 34 10 11 11
1170.jpg 1 21 8 11 11
1171.jpg 1 3 23 20 20
1172.jpg 1 32 4 13 13
1173.jpg 1 18 17 23 23
1174.jpg 1 6 1 10 10
1175.jpg 1 7 20 28 28
1176.jpg 1 1 32 10 10
1177.jpg 1 0 0 22 22
1178.jpg 1 8 4 22 22
1179.jpg 1 9 9 23 23
1180.jpg 1 9 4 13 13
1181.jpg 1 4 1 21 21
1182.jpg 1 17 20 12 12
1183.jpg 1 30 30 18 18
1184.jpg 1 23 0 22 22
1185.jpg 1 13 19 25 25
1186.jpg 1 1 4 29 29
1187.jpg 1 20 6 21 21
1188.jpg 1 0 4 14 14
1189.jpg 1 20 11 14 14
1190.jpg 1 21 4 23 23
1191.jpg 1 27 15 19 19
1192.jpg 1 8 8 28 28
1193.jpg 1 2 8 10 10
1194.jpg 1 6 8 25 25
1195.jpg 1 1 16 15 15
1196.jpg 1 16 7 28 28
1197.jpg 1 9 37 11 11
1198.jpg 1 16 3 22 22
1199.jpg 1 24 5 22 22
1200.jpg 1 20 21 24 24
1201.jpg 1 17 2 24 24
1202.jpg 1 8 27 14 14
1203.jpg 1 21 4 10 10
1204.jpg 1 6 15 27 27
1205.jpg 1 28 24 13 13
1206.jpg 1 12 15 23 23
1207.jpg 1 26 26 14 14
1208.jpg 1 24 11 12 12
1209.jpg 1 22 11 26 26
1210.jpg 1 20 13 17 17
1211.jpg 1 25 5 17 17
1212.jpg 1 20 5 23 23
1213.jpg 1 6 10 17 17
1214.jpg 1 8 5 20 20
1215.jpg 1 12 26 19 19
1216.jpg 1 17 34 13 13
1217.jpg 1 13 22 20 20
1218.jpg 1 20 20 21 21
1219.jpg 1 19 33 11 11
1220.jpg 1 9 15 24 24
1221.jpg 1 19 1 13 13
1222.jpg 1 10 30 13 13
1223.jpg 1 17 0 28 28
1224.jpg 1 18 8 25 25
1225.jpg 1 13 12 27 27
1226.jpg 1 4 4 24 24
1227.jpg 1 14 5 18 18
1228.jpg 1 11 15 15 15
1229.jpg 1 16 32 15 15
1230.jpg 1 22 24 20 20
1231.jpg 1 5 14 26 26
1232.jpg 1 4 7 26 26
1233.jpg 1 10 19 24 24
1234.jpg 1 11 3 18 18
1235.jpg 1 14 15 25 25
1236.jpg 1 5 20 16 16
1237.jpg 1 17 21 20 20
1238.jpg 1 33 2 10 10
1239.jpg 1 22 8 14 14
1240.jpg 1 6 11 19 19
1241.jpg 1 27 6 13 13
1242.jpg 1 8 31 16 16
1243.jpg 1 19 6 27 27
1244.jpg 1 17 12 24 24
1245.jpg 1 14 13 28 28
1246.jpg 1 6 20 11 11
1247.jpg 1 17 14 23 23
1248.jpg 1 14 2 16 16
1249.jpg 1 3 22 14 14
1250.jpg 1 12 11 28 28
1251.jpg 1 10 21 10 10
1252.jpg 1 21 9 23 23
1253.jpg 1 15 8 16 16
1254.jpg 1 12 2 26 26
1255.jpg 1 19 15 19 19
1256.jpg 1 12 22 13 13
1257.jpg 1 7 4 21 21
1258.jpg 1 2 0 27 27
1259.jpg 1 34 22 14 14
1260.jpg 1 9 17 28 28
1261.jpg 1 4 35 10 10
1262.jpg 1 4 6 29 29
1263.jpg 1 0 24 20 20
1264.jpg 1 16 10 19 19
1265.jpg 1 0 19 23 23
1266.jpg 1 6 17 25 25
1267.jpg 1 6 19 26 26
1268.jpg 1 6 20 25 25
1269.jpg 1 19 20 16 16
1270.jpg 1 18 7 15 15
1271.jpg 1 22 18 22 22
1272.jpg 1 15 7 28 28
1273.jpg 1 4 5 21 21
1274.jpg 1 17 8 21 21
1275.jpg 1 11 27 17 17
1276.jpg 1 4 25 23 23
1277.jpg 1 12 25 10 10
1278.jpg 1 18 15 25 25
1279.jpg 1 21 3 20 20
1280.jpg 1 9 22 25 25
1281.jpg 1 19 21 13 13
1282.jpg 1 16 20 20 20
1283.jpg 1 23 12 25 25
1284.jpg 1 17 27 16 16
1285.jpg 1 9 20 25 25
1286.jpg 1 0 6 11 11
1287.jpg 1 2 21 21 21
1288.jpg 1 8 0 24 24
1289.jpg 1 35 21 13 13
1290.jpg 1 7 13 25 25
1291.jpg 1 11 1 19 19
1292.jpg 1 22 21 17 17
1293.jpg 1 14 14 13 13
1294.jpg 1 9 15 16 16
1295.jpg 1 5 19 28 28
1296.jpg 1 12 13 25 25
1297.jpg 1 0 16 21 21
1298.jpg 1 3 12 25 25
1299.jpg 1 8 15 22 22
1300.jpg 1 33 11 10 10
1301.jpg 1 5 19 10 10
1302.jpg 1 0 14 26 26
1303.jpg 1 20 29 17 17
1304.jpg 1 3 18 12 12
1305.jpg 1 23 20 19 19
1306.jpg 1 30 17 11 11
1307.jpg 1 5 30 18 18
1308.jpg 1 1 13 20 20
1309.jpg 1 22 12 14 14
1310.jpg 1 3 11 23 23
1311.jpg 1 3 0 13 13
1312.jpg 1 20 8 26 26
1313.jpg 1 29 20 13 13
1314.jpg 1 6 18 18 18
1315.jpg 1 25 5 12 12
1316.jpg 1 16 24 24 24
1317.jpg 1 1 32 15 15
1318.jpg 1 21 10 15 15
1319.jpg 1 23 24 16 16
1320.jpg 1 10 26 21 21
1321.jpg 1 23 6 23 23
1322.jpg 1 10 17 24 24
1323.jpg 1 14 28 16 16
1324.jpg 1 25 20 22 22
1325.jpg 1 5 22 13 13
1326.jpg 1 17 19 12 12
1327.jpg 1 23 22 18 18
1328.jpg 1 4 12 17 17
1329.jpg 1 11 22 10 10
1330.jpg 1 10 12 22 22
1331.jpg 1 10 15 17 17
1332.jpg 1 23 22 24 24
1333.jpg 1 0 30 12 12
1334.jpg 1 22 5 20 20
1335.jpg 1 13 17 29 29
1336.jpg 1 0 21 20 20
1337.jpg 1 13 22 19 19
1338.jpg 1 8 16 29 29
1339.jpg 1 8 8 13 13
1340.jpg 1 13 22 24 24
1341.jpg 1 1 7 19 19
1342.jpg 1 4 24 23 23
1343.jpg 1 6 7 20 20
1344.jpg 1 16 19 27 27
1345.jpg 1 12 5 22 22
1346.jpg 1 14 11 28 28
1347.jpg 1 2 33 13 13
1348.jpg 1 14 27 13 13
1349.jpg 1 18 4 28 28
1350.jpg 1 14 35 11 11
1351.jpg 1 9 26 10 10
1352.jpg 1 24 19 17 17
1353.jpg 1 4 14 13 13
1354.jpg 1 24 28 14 14
1355.jpg 1 21 5 14 14
1356.jpg 1 3 32 14 14
1357.jpg 1 17 10 15 15
1358.jpg 1 26 11 11 11
1359.jpg 1 21 17 17 17
1360.jpg 1 27 6 17 17
1361.jpg 1 31 4 10 10
1362.jpg 1 7 26 19 19
1363.jpg 1 6 15 26 26
1364.jpg 1 26 8 13 13
1365.jpg 1 11 18 11 11
1366.jpg 1 14 12 18 18
1367.jpg 1 19 15 19 19
1368.jpg 1 19 20 25 25
1369.jpg 1 15 6 28 28
1370.jpg 1 3 29 18 18
1371.jpg 1 10 3 19 19
1372.jpg 1 20 7 24 24
1373.jpg 1 31 18 10 10
1374.jpg 1 37 19 10 10
1375.jpg 1 29 3 19 19
1376.jpg 1 13 5 10 10
1377.jpg 1 2 6 29 29
1378.jpg 1 7 17 25 25
1379.jpg 1 2 25 16 16
1380.jpg 1 4 8 28 28
1381.jpg 1 4 14 29 29
1382.jpg 1 17 2 27 27
1383.jpg 1 20 22 25 25
1384.jpg 1 17 7 19 19
1385.jpg 1 14 8 28 28
1386.jpg 1 23 8 17 17
1387.jpg 1 23 12 25 25
1388.jpg 1 12 1 16 16
1389.jpg 1 8 14 12 12
1390.jpg 1 14 21 20 20
1391.jpg 1 19 4 16 16
1392.jpg 1 23 13 22 22
1393.jpg 1 22 11 18 18
1394.jpg 1 5 6 23 23
1395.jpg 1 15 18 25 25
1396.jpg 1 22 3 12 12
1397.jpg 1 2 35 11 11
1398.jpg 1 31 19 13 13
1399.jpg 1 28 0 12 12
1400.jpg 1 18 32 13 13
1401.jpg 1 28 25 17 17
1402.jpg 1 4 15 19 19
1403.jpg 1 1 21 24 24
1404.jpg 1 11 24 18 18
1405.jpg 1 25 5 19 19
1406.jpg 1 7 4 15 15
1407.jpg 1 4 9 28 28
1408.jpg 1 5 13 15 15
1409.jpg 1 25 17 22 22
1410.jpg 1 18 31 14 14
1411.jpg 1 17 11 19 19
1412.jpg 1 22 24 17 17
1413.jpg 1 19 15 27 27
1414.jpg 1 27 32 14 14
1415.jpg 1 6 26 20 20
1416.jpg 1 4 18 10 10
1417.jpg 1 6 19 26 26
1418.jpg 1 7 22 10 10
1419.jpg 1 13 25 21 21
1420.jpg 1 7 16 23 23
1421.jpg 1 3 20 14 14
1422.jpg 1 9 8 29 29
1423.jpg 1 15 7 12 12
1424.jpg 1 0 10 28 28
1425.jpg 1 28 29 14 14
1426.jpg 1 25 13 14 14
1427.jpg 1 3 1 25 25
1428.jpg 1 3 2 16 16
1429.jpg 1 3 17 19 19
1430.jpg 1 5 26 22 22
1431.jpg 1 14 17 25 25
1432.jpg 1 24 13 23 23
1433.jpg 1 26 23 19 19
1434.jpg 1 17 29 13 13
1435.jpg 1 6 2 11 11
1436.jpg 1 24 17 16 16
1437.jpg 1 14 2 26 26
1438.jpg 1 2 4 26 26
1439.jpg 1 19 7 14 14
1440.jpg 1 21 22 14 14
1441.jpg 1 17 8 13 13
1442.jpg 1 13 5 13 13
1443.jpg 1 2 11 29 29
1444.jpg 1 20 8 12 12
1445.jpg 1 10 0 25 25
1446.jpg 1 2 4 29 29
1447.jpg 1 36 8 10 10
1448.jpg 1 20 15 23 23
1449.jpg 1 10 28 16 16
1450.jpg 1 15 13 25 25
1451.jpg 1 13 11 18 18
1452.jpg 1 7 16 18 18
1453.jpg 1 14 9 14 14
1454.jpg 1 3 7 23 23
1455.jpg 1 19 10 20 20
1456.jpg 1 0 15 10 10
1457.jpg 1 5 14 13 13
1458.jpg 1 13 11 24 24
1459.jpg 1 1 16 18 18
1460.jpg 1 4 3 27 27
1461.jpg 1 2 6 29 29
1462.jpg 1 13 14 22 22
1463.jpg 1 6 17 10 10
1464.jpg 1 1 4 27 27
1465.jpg 1 28 18 15 15
1466.jpg 1 21 21 26 26
1467.jpg 1 2 14 11 11
1468.jpg 1 14 23 22 22
1469.jpg 1 8 2 14 14
1470.jpg 1 18 19 12 12
1471.jpg 1 21 3 24 24
1472.jpg 1 23 21 20 20
1473.jpg 1 12 5 21 21
1474.jpg 1 0 12 13 13
1475.jpg 1 18 25 16 16
1476.jpg 1 24 7 12 12
1477.jpg 1 9 26 22 22
1478.jpg 1 24 6 16 16
1479.jpg 1 15 15 28 28
1480.jpg 1 3 4 16 16
1481.jpg 1 29 26 17 17
1482.jpg 1 4 1 25 25
1483.jpg 1 5 19 23 23
1484.jpg 1 0 20 14 14
1485.jpg 1 7 16 14 14
1486.jpg 1 10 0 24 24
1487.jpg 1 22 10 21 21
1488.jpg 1 14 4 26 26
1489.jpg 1 2 11 26 26
1490.jpg 1 22 29 18 18
1491.jpg 1 4 34 11 11
1492.jpg 1 11 27 20 20
1493.jpg 1 15 15 19 19
1494.jpg 1 18 6 14 14
1495.jpg 1 34 16 14 14
1496.jpg 1 1 2 29 29
1497.jpg 1 17 24 16 16
1498.jpg 1 11 5 19 19
1499.jpg 1 25 16 21 21
1500.jpg 1 20 6 23 23
1501.jpg 1 28 34 10 10
1502.jpg 1 23 19 19 19
1503.jpg 1 35 0 11 11
1504.jpg 1 4 28 20 20
1505.jpg 1 11 26 10 10
1506.jpg 1 9 0 28 28
1507.jpg 1 32 2 12 12
1508.jpg 1 32 3 10 10
1509.jpg 1 29 25 17 17
1510.jpg 1 17 4 29 29
1511.jpg 1 21 16 12 12
1512.jpg 1 2 11 14 14
1513.jpg 1 0 32 16 16
1514.jpg 1 28 16 10 10
1515.jpg 1 26 5 19 19
1516.jpg 1 11 15 22 22
1517.jpg 1 1 18 26 26
1518.jpg 1 3 24 11 11
1519.jpg 1 3 2 28 28
1520.jpg 1 7 11 16 16
1521.jpg 1 12 7 29 29
1522.jpg 1 23 22 13 13
1523.jpg 1 4 23 13 13
1524.jpg 1 1 4 27 27
1525.jpg 1 21 8 25 25
1526.jpg 1 7 25 14 14
1527.jpg 1 14 0 27 27
1528.jpg 1 28 19 20 20
1529.jpg 1 0 7 29 29
1530.jpg 1 14 10 29 29
1531.jpg 1 19 8 18 18
1532.jpg 1 14 8 25 25
1533.jpg 1 0 9 19 19
1534.jpg 1 34 6 14 14
1535.jpg 1 14 28 20 20
1536.jpg 1 4 11 26 26
1537.jpg 1 0 2 16 16
1538.jpg 1 2 27 16 16
1539.jpg 1 10 13 22 22
1540.jpg 1 10 10 27 27
1541.jpg 1 15 9 25 25
1542.jpg 1 21 23 13 13
1543.jpg 1 13 16 26 26
1544.jpg 1 22 37 11 11
1545.jpg 1 3 4 26 26
1546.jpg 1 30 2 14 14
1547.jpg 1 2 5 15 15
1548.jpg 1 4 17 23 23
1549.jpg 1 20 21 26 26
1550.jpg 1 3 2 16 16
1551.jpg 1 3 23 25 25
1552.jpg 1 23 20 17 17
1553.jpg 1 28 21 13 13
1554.jpg 1 17 5 24 24
1555.jpg 1 18 0 15 15
1556.jpg 1 14 19 18 18
1557.jpg 1 9 2 29 29
1558.jpg 1 30 6 16 16
1559.jpg 1 22 8 14 14
1560.jpg 1 16 9 25 25
1561.jpg 1 15 10 29 29
1562.jpg 1 0 16 27 27
1563.jpg 1 38 0 10 10
1564.jpg 1 5 21 24 24
1565.jpg 1 26 3 18 18
1566.jpg 1 19 8 18 18
1567.jpg 1 26 4 21 21
1568.jpg 1 31 31 12 12
1569.jpg 1 18 25 21 21
1570.jpg 1 14 2 23 23
1571.jpg 1 21 12 22 22
1572.jpg 1 24 4 20 20
1573.jpg 1 10 22 24 24
1574.jpg 1 7 11 22 22
1575.jpg 1 1 1 23 23
1576.jpg 1 18 2 12 12
1577.jpg 1 10 3 20 20
1578.jpg 1 16 17 22 22
1579.jpg 1 23 26 18 18
1580.jpg 1 20 26 21 21
1581.jpg 1 14 27 15 15
1582.jpg 1 10 14 28 28
1583.jpg 1 24 29 17 17
1584.jpg 1 19 11 29 29
1585.jpg 1 17 24 20 20
1586.jpg 1 8 0 13 13
1587.jpg 1 18 22 15 15
1588.jpg 1 6 4 28 28
1589.jpg 1 14 17 18 18
1590.jpg 1 1 12 17 17
1591.jpg 1 22 4 10 10
1592.jpg 1 22 16 15 15
1593.jpg 1 25 16 19 19
1594.jpg 1 32 25 15 15
1595.jpg 1 11 3 29 29
1596.jpg 1 7 1 18 18
1597.jpg 1 7 15 26 26
1598.jpg 1 21 22 19 19
1599.jpg 1 16 2 14 14